2025-08-17 14:40:43,410 [INFO] Step-1: Folder created: uploads/b7c0f183-4fd7-4c0a-b09a-53e80a375c74
2025-08-17 14:40:43,412 [INFO] Using Python executable: venv2/bin/python3
2025-08-17 14:40:43,413 [INFO] Step-2: File sent {'questions.txt': 'uploads/b7c0f183-4fd7-4c0a-b09a-53e80a375c74/question.txt', 'data.csv': 'uploads/b7c0f183-4fd7-4c0a-b09a-53e80a375c74/sales.csv'}
2025-08-17 14:40:43,413 [INFO] ğŸ¤– Step-1: Getting scrap code and metadata from llm. Tries count = 0
2025-08-17 14:42:41,616 [INFO] ğŸ¤– Step-1: Successfully parsed response from LLM.
2025-08-17 14:42:41,617 [INFO] ğŸ’» Step-3: Entering loop
2025-08-17 14:42:41,617 [INFO] ğŸ’» Loop-1: Running LLM code.
2025-08-17 14:42:41,618 [ERROR] âŒğŸ’» Loop-1: Code execution failed: âŒ Failed to install library 'pandas': [Errno 2] No such file or directory: 'venv2/bin/python3'
2025-08-17 14:42:41,618 [INFO] ğŸ¤– Loop-1: Inside Loop LLM call.
2025-08-17 14:43:12,431 [INFO] ğŸ’» Loop-2: Running LLM code.
2025-08-17 14:43:12,432 [ERROR] âŒğŸ’» Loop-2: Code execution failed: âŒ Failed to install library 'requests': [Errno 2] No such file or directory: 'venv2/bin/python3'
2025-08-17 14:43:12,433 [INFO] ğŸ¤– Loop-2: Inside Loop LLM call.
2025-08-17 14:43:42,110 [INFO] ğŸ’» Loop-3: Running LLM code.
2025-08-17 14:43:42,112 [ERROR] âŒğŸ’» Loop-3: Code execution failed: âŒ Failed to install library 'requests': [Errno 2] No such file or directory: 'venv2/bin/python3'
2025-08-17 14:43:42,112 [INFO] ğŸ¤– Loop-3: Inside Loop LLM call.
2025-08-17 14:44:23,664 [INFO] ğŸ’» Loop-4: Running LLM code.
2025-08-17 14:44:23,666 [ERROR] âŒğŸ’» Loop-4: Code execution failed: âŒ Failed to install library 'pandas': [Errno 2] No such file or directory: 'venv2/bin/python3'
2025-08-17 14:44:23,666 [INFO] ğŸ¤– Loop-4: Inside Loop LLM call.
2025-08-17 14:44:41,991 [INFO] ğŸ’» Loop-5: Running LLM code.
2025-08-17 14:44:41,993 [ERROR] âŒğŸ’» Loop-5: Code execution failed: âŒ Failed to install library 'pandas': [Errno 2] No such file or directory: 'venv2/bin/python3'
2025-08-17 14:44:41,993 [INFO] ğŸ¤– Loop-5: Inside Loop LLM call.
2025-08-17 14:45:02,201 [INFO] ğŸ’» Step-6: Running final code.
2025-08-17 14:45:02,203 [ERROR] âŒğŸ’» Step-6: Final code execution failed: âŒ Failed to install library 'pandas': [Errno 2] No such file or directory: 'venv2/bin/python3'
2025-08-17 14:45:02,203 [ERROR] âŒğŸ“ Step-7: result.json not found. Checking for result.txt.
2025-08-17 14:45:02,203 [ERROR] âŒğŸ“ result.txt not found.
