2025-08-17 10:29:45,824 [INFO] Step-1: Folder created: uploads/d7b17f83-9c79-46fa-9dff-952b21234904
2025-08-17 10:29:45,833 [INFO] Using Python executable: venv/bin/python3
2025-08-17 10:29:45,833 [INFO] Step-2: File sent {'questions.txt': 'uploads/d7b17f83-9c79-46fa-9dff-952b21234904/question.txt', 'data.csv': 'uploads/d7b17f83-9c79-46fa-9dff-952b21234904/sales.csv'}
2025-08-17 10:29:45,833 [INFO] ğŸ¤– Step-1: Getting scrap code and metadata from llm. Tries count = 0
2025-08-17 10:29:59,594 [INFO] ğŸ¤– Step-1: Successfully parsed response from LLM.
2025-08-17 10:29:59,596 [INFO] ğŸ’» Step-3: Entering loop
2025-08-17 10:29:59,596 [INFO] ğŸ’» Loop-1: Running LLM code.
2025-08-17 10:30:31,181 [INFO] âœ…ğŸ’» Loop-1: Code executed successfully.
2025-08-17 10:30:31,182 [INFO] ğŸ¤– Loop-1: Inside Loop LLM call.
2025-08-17 10:30:52,165 [INFO] ğŸ’» Loop-2: Running LLM code.
2025-08-17 10:31:13,025 [ERROR] âŒğŸ’» Loop-2: Code execution failed: âŒ Execution error: Traceback (most recent call last): File "pandas/_libs/lib.pyx", line 2407, in pandas._libs.lib.maybe_convert_numeric ValueError: Unable to parse string "T2257844554" During handling of the above exception, another exception occurred: Traceback (most recent call last): File "/home/azureuser/TDS_project2/uploads/d7b17f83-9c79-46fa-9dff-952b21234904/job_/script.py", line 18, in <module> df['Worldwide gross'] = pd.to_numeric(df['Worldwide gross']) ^^^^^^^^^^^^^^^^^^^^^^^^^^^^^^^^^^^^ File "/home/azureuser/TDS_project2/venv/lib/python3.11/site-packages/pandas/core/tools/numeric.py", line 235, in to_numeric values, new_mask = lib.maybe_convert_numeric( # type: ignore[call-overload] ^^^^^^^^^^^^^^^^^^^^^^^^^^^^^^^^^^^^^^^^^^^^^^^^^^^^^^^^^ File "pandas/_libs/lib.pyx", line 2449, in pandas._libs.lib.maybe_convert_numeric ValueError: Unable to parse string "T2257844554" at position 3
2025-08-17 10:31:13,027 [INFO] ğŸ¤– Loop-2: Inside Loop LLM call.
2025-08-17 10:31:33,752 [INFO] ğŸ’» Loop-3: Running LLM code.
2025-08-17 10:31:35,765 [INFO] âœ…ğŸ’» Loop-3: Code executed successfully.
2025-08-17 10:31:35,766 [INFO] âœ…ğŸ“ Loop-3: Found result files.
2025-08-17 10:31:35,766 [INFO] ğŸ¤– Loop-3: Checking result validity.
2025-08-17 10:31:50,744 [INFO] âœ… Loop-3: Validation successful, no re-run needed.
2025-08-17 10:31:50,744 [INFO] ğŸ’» Step-6: Running final code.
2025-08-17 10:31:50,760 [INFO] ğŸ“ Step-7: Reading result.json
2025-08-17 10:31:50,760 [INFO] âœ…ğŸ“ Step-7: send result back
